<?xml version="1.0" encoding="UTF-8"?>
<!-- Generated by org.testng.reporters.JUnitXMLReporter -->
<testsuite ignored="0" hostname="Hemanths-MacBook-Air.local" failures="0" tests="6" name="Default test" time="6.893" errors="0" timestamp="2024-08-13T09:09:24 EDT">
  <testcase classname="com.practice.sauselab.tests.AppTest1" name="testLoginPage" time="0.393"/>
  <testcase classname="com.practice.sauselab.tests.AppTest1" name="testProductsPage" time="0.474"/>
  <testcase classname="com.practice.sauselab.tests.AppTest1" name="testCart" time="0.189"/>
  <testcase classname="com.practice.sauselab.tests.AppTest1" name="testCheckoutInformation" time="0.129"/>
  <testcase classname="com.practice.sauselab.tests.AppTest1" name="testOverviewPage" time="0.061"/>
  <testcase classname="com.practice.sauselab.tests.AppTest1" name="testCompletePage" time="0.06"/>
</testsuite> <!-- Default test -->
