<?xml version="1.0" encoding="UTF-8"?>
<!-- Generated by org.testng.reporters.JUnitXMLReporter -->
<testsuite ignored="0" hostname="Hemanths-MacBook-Air.local" failures="0" tests="7" name="Test" time="14.757" errors="0" timestamp="2024-08-13T09:14:41 EDT">
  <testcase classname="com.practice.sauselab.tests.AppTest1" name="testLoginPage" time="0.588"/>
  <testcase classname="com.practice.sauselab.tests.AppTest1" name="testProductsPage" time="0.705"/>
  <testcase classname="com.practice.sauselab.tests.AppTest1" name="testCart" time="0.253"/>
  <testcase classname="com.practice.sauselab.tests.AppTest1" name="testCheckoutInformation" time="0.15"/>
  <testcase classname="com.practice.sauselab.tests.AppTest1" name="testOverviewPage" time="0.097"/>
  <testcase classname="com.practice.sauselab.tests.AppTest1" name="testCompletePage" time="0.081"/>
  <testcase classname="com.practice.sauselab.tests.AppTest2" name="loginTests" time="8.767"/>
</testsuite> <!-- Test -->
