<?xml version="1.0" encoding="UTF-8"?>
<!-- Generated by org.testng.reporters.JUnitXMLReporter -->
<testsuite ignored="0" hostname="519860128f5f" failures="0" tests="7" name="Test" time="19.409" errors="0" timestamp="2024-08-20T09:28:18 EDT">
  <testcase classname="com.practice.sauselab.tests.AppTest1" name="testLoginPage" time="1.59"/>
  <testcase classname="com.practice.sauselab.tests.AppTest1" name="testProductsPage" time="1.325"/>
  <testcase classname="com.practice.sauselab.tests.AppTest1" name="testCart" time="0.51"/>
  <testcase classname="com.practice.sauselab.tests.AppTest1" name="testCheckoutInformation" time="0.288"/>
  <testcase classname="com.practice.sauselab.tests.AppTest1" name="testOverviewPage" time="0.117"/>
  <testcase classname="com.practice.sauselab.tests.AppTest1" name="testCompletePage" time="0.146"/>
  <testcase classname="com.practice.sauselab.tests.AppTest2" name="loginTests" time="10.501"/>
</testsuite> <!-- Test -->
