<?xml version="1.0" encoding="UTF-8"?>
<testsuite xmlns:xsi="http://www.w3.org/2001/XMLSchema-instance" xsi:noNamespaceSchemaLocation="https://maven.apache.org/surefire/maven-surefire-plugin/xsd/surefire-test-report.xsd" version="3.0.2" name="TestSuite" time="20.255" tests="7" errors="0" skipped="0" failures="0">
  <properties>
[...]
</properties>
  <testcase name="testLoginPage" classname="com.practice.sauselab.tests.AppTest1" time="1.557">
    <system-out><![CDATA[Epic sadface: Username and password do not match
standard_user
]]></system-out>
    <system-err><![CDATA[log4j:WARN No appenders could be found for logger (org.testng.TestNG).
log4j:WARN Please initialize the log4j system properly.
log4j:WARN See http://logging.apache.org/log4j/1.2/faq.html#noconfig for more info.
]]></system-err>
  </testcase>
  <testcase name="testProductsPage" classname="com.practice.sauselab.tests.AppTest1" time="1.33">
    <system-out><![CDATA[problem_user
]]></system-out>
  </testcase>
  <testcase name="testCart" classname="com.practice.sauselab.tests.AppTest1" time="0.51"/>
  <testcase name="testCheckoutInformation" classname="com.practice.sauselab.tests.AppTest1" time="0.289"/>
  <testcase name="testOverviewPage" classname="com.practice.sauselab.tests.AppTest1" time="0.118"/>
  <testcase name="testCompletePage" classname="com.practice.sauselab.tests.AppTest1" time="0.151"/>
  <testcase name="loginTests" classname="com.practice.sauselab.tests.AppTest2" time="6.674">
    <system-out><![CDATA[performance_glitch_user
error_user
visual_user
]]></system-out>
  </testcase>
</testsuite>