<?xml version="1.0" encoding="UTF-8"?>
<testng-results ignored="0" total="7" passed="7" failed="0" skipped="0">
  <reporter-output>
  </reporter-output>
  <suite started-at="2024-08-13T09:14:27 EDT" name="Suite" finished-at="2024-08-13T09:14:41 EDT" duration-ms="14757">
    <groups>
    </groups>
    <test started-at="2024-08-13T09:14:27 EDT" name="Test" finished-at="2024-08-13T09:14:41 EDT" duration-ms="14757">
      <class name="com.practice.sauselab.tests.AppTest1">
        <test-method is-config="true" signature="setUp()[pri:0, instance:com.practice.sauselab.tests.AppTest1@7adda9cc]" started-at="2024-08-13T09:14:27 EDT" name="setUp" finished-at="2024-08-13T09:14:28 EDT" duration-ms="1884" status="PASS">
          <reporter-output>
          </reporter-output>
        </test-method> <!-- setUp -->
        <test-method signature="testLoginPage()[pri:0, instance:com.practice.sauselab.tests.AppTest1@7adda9cc]" started-at="2024-08-13T09:14:28 EDT" name="testLoginPage" finished-at="2024-08-13T09:14:29 EDT" duration-ms="588" status="PASS">
          <reporter-output>
          </reporter-output>
        </test-method> <!-- testLoginPage -->
        <test-method signature="testProductsPage()[pri:0, instance:com.practice.sauselab.tests.AppTest1@7adda9cc]" started-at="2024-08-13T09:14:29 EDT" name="testProductsPage" finished-at="2024-08-13T09:14:30 EDT" depends-on-methods="com.practice.sauselab.tests.AppTest1.testLoginPage" duration-ms="705" status="PASS">
          <reporter-output>
          </reporter-output>
        </test-method> <!-- testProductsPage -->
        <test-method signature="testCart()[pri:0, instance:com.practice.sauselab.tests.AppTest1@7adda9cc]" started-at="2024-08-13T09:14:30 EDT" name="testCart" finished-at="2024-08-13T09:14:30 EDT" depends-on-methods="com.practice.sauselab.tests.AppTest1.testProductsPage" duration-ms="253" status="PASS">
          <reporter-output>
          </reporter-output>
        </test-method> <!-- testCart -->
        <test-method signature="testCheckoutInformation()[pri:0, instance:com.practice.sauselab.tests.AppTest1@7adda9cc]" started-at="2024-08-13T09:14:30 EDT" name="testCheckoutInformation" finished-at="2024-08-13T09:14:30 EDT" depends-on-methods="com.practice.sauselab.tests.AppTest1.testCart" duration-ms="150" status="PASS">
          <reporter-output>
          </reporter-output>
        </test-method> <!-- testCheckoutInformation -->
        <test-method signature="testOverviewPage()[pri:0, instance:com.practice.sauselab.tests.AppTest1@7adda9cc]" started-at="2024-08-13T09:14:30 EDT" name="testOverviewPage" finished-at="2024-08-13T09:14:30 EDT" depends-on-methods="com.practice.sauselab.tests.AppTest1.testCheckoutInformation" duration-ms="97" status="PASS">
          <reporter-output>
          </reporter-output>
        </test-method> <!-- testOverviewPage -->
        <test-method signature="testCompletePage()[pri:0, instance:com.practice.sauselab.tests.AppTest1@7adda9cc]" started-at="2024-08-13T09:14:30 EDT" name="testCompletePage" finished-at="2024-08-13T09:14:30 EDT" depends-on-methods="com.practice.sauselab.tests.AppTest1.testOverviewPage" duration-ms="81" status="PASS">
          <reporter-output>
          </reporter-output>
        </test-method> <!-- testCompletePage -->
        <test-method is-config="true" signature="tearDown()[pri:0, instance:com.practice.sauselab.tests.AppTest1@7adda9cc]" started-at="2024-08-13T09:14:30 EDT" name="tearDown" finished-at="2024-08-13T09:14:34 EDT" duration-ms="4107" status="PASS">
          <reporter-output>
          </reporter-output>
        </test-method> <!-- tearDown -->
      </class> <!-- com.practice.sauselab.tests.AppTest1 -->
      <class name="com.practice.sauselab.tests.AppTest2">
        <test-method is-config="true" signature="setUp()[pri:0, instance:com.practice.sauselab.tests.AppTest2@2ea227af]" started-at="2024-08-13T09:14:27 EDT" name="setUp" finished-at="2024-08-13T09:14:28 EDT" duration-ms="1867" status="PASS">
          <reporter-output>
          </reporter-output>
        </test-method> <!-- setUp -->
        <test-method signature="loginTests()[pri:0, instance:com.practice.sauselab.tests.AppTest2@2ea227af]" started-at="2024-08-13T09:14:28 EDT" name="loginTests" finished-at="2024-08-13T09:14:37 EDT" duration-ms="8767" status="PASS">
          <reporter-output>
          </reporter-output>
        </test-method> <!-- loginTests -->
        <test-method is-config="true" signature="tearDown()[pri:0, instance:com.practice.sauselab.tests.AppTest2@2ea227af]" started-at="2024-08-13T09:14:37 EDT" name="tearDown" finished-at="2024-08-13T09:14:41 EDT" duration-ms="4096" status="PASS">
          <reporter-output>
          </reporter-output>
        </test-method> <!-- tearDown -->
      </class> <!-- com.practice.sauselab.tests.AppTest2 -->
    </test> <!-- Test -->
  </suite> <!-- Suite -->
</testng-results>
